# JRE version: OpenJDK Runtime Environment Microsoft-8035246 (17.0.8+7) (build 17.0.8+7-LTS)
# Java VM: OpenJDK 64-Bit Server VM Microsoft-8035246 (17.0.8+7-LTS, mixed mode, sharing, tiered, compressed oops, compressed class ptrs, g1 gc, windows-amd64)
GC Precious Log:
 CPUs: 4 total, 4 available
 Memory: 16299M
 Large Page Support: Disabled
 NUMA Support: Disabled
 Compressed Oops: Enabled (32-bit)
 Heap Region Size: 1M
 Heap Min Capacity: 8M
 Heap Initial Capacity: 256M
 Heap Max Capacity: 2G
 Pre-touch: Disabled
 Parallel Workers: 4
 Concurrent Workers: 1
 Concurrent Refinement Workers: 4
 Periodic GC: Disabled
Heap:
 garbage-first heap   total 356352K, used 246698K [0x0000000080000000, 0x0000000100000000)
  region size 1024K, 76 young (77824K), 12 survivors (12288K)
 Metaspace       used 106389K, committed 107520K, reserved 557056K
  class space    used 14744K, committed 15296K, reserved 425984K
GC Heap History (20 events):
Event: 33.197 GC heap before
{Heap before GC invocations=37 (full 0):
 garbage-first heap   total 263168K, used 198272K [0x0000000080000000, 0x0000000100000000)
  region size 1024K, 109 young (111616K), 11 survivors (11264K)
 Metaspace       used 87879K, committed 88704K, reserved 557056K
  class space    used 12283K, committed 12672K, reserved 425984K
}
Event: 33.217 GC heap after
{Heap after GC invocations=38 (full 0):
 garbage-first heap   total 263168K, used 107882K [0x0000000080000000, 0x0000000100000000)
  region size 1024K, 14 young (14336K), 14 survivors (14336K)
 Metaspace       used 87879K, committed 88704K, reserved 557056K
  class space    used 12283K, committed 12672K, reserved 425984K
}
Event: 34.760 GC heap before
{Heap before GC invocations=38 (full 0):
 garbage-first heap   total 263168K, used 204138K [0x0000000080000000, 0x0000000100000000)
  region size 1024K, 104 young (106496K), 14 survivors (14336K)
 Metaspace       used 90347K, committed 91200K, reserved 557056K
  class space    used 12705K, committed 13120K, reserved 425984K
}
Event: 34.784 GC heap after
{Heap after GC invocations=39 (full 0):
 garbage-first heap   total 263168K, used 127872K [0x0000000080000000, 0x0000000100000000)
  region size 1024K, 13 young (13312K), 13 survivors (13312K)
 Metaspace       used 90347K, committed 91200K, reserved 557056K
  class space    used 12705K, committed 13120K, reserved 425984K
}
Event: 36.127 GC heap before
{Heap before GC invocations=39 (full 0):
 garbage-first heap   total 263168K, used 203648K [0x0000000080000000, 0x0000000100000000)
  region size 1024K, 87 young (89088K), 13 survivors (13312K)
 Metaspace       used 94585K, committed 95552K, reserved 557056K
  class space    used 13292K, committed 13760K, reserved 425984K
}
Event: 36.146 GC heap after
{Heap after GC invocations=40 (full 0):
 garbage-first heap   total 263168K, used 133838K [0x0000000080000000, 0x0000000100000000)
  region size 1024K, 5 young (5120K), 5 survivors (5120K)
 Metaspace       used 94585K, committed 95552K, reserved 557056K
  class space    used 13292K, committed 13760K, reserved 425984K
}
Event: 36.927 GC heap before
{Heap before GC invocations=40 (full 0):
 garbage-first heap   total 263168K, used 208590K [0x0000000080000000, 0x0000000100000000)
  region size 1024K, 78 young (79872K), 5 survivors (5120K)
 Metaspace       used 96638K, committed 97600K, reserved 557056K
  class space    used 13553K, committed 14016K, reserved 425984K
}
Event: 36.949 GC heap after
{Heap after GC invocations=41 (full 0):
 garbage-first heap   total 263168K, used 142542K [0x0000000080000000, 0x0000000100000000)
  region size 1024K, 10 young (10240K), 10 survivors (10240K)
 Metaspace       used 96638K, committed 97600K, reserved 557056K
  class space    used 13553K, committed 14016K, reserved 425984K
}
Event: 37.884 GC heap before
{Heap before GC invocations=42 (full 0):
 garbage-first heap   total 273408K, used 210126K [0x0000000080000000, 0x0000000100000000)
  region size 1024K, 76 young (77824K), 10 survivors (10240K)
 Metaspace       used 96959K, committed 97856K, reserved 557056K
  class space    used 13590K, committed 14016K, reserved 425984K
}
Event: 37.910 GC heap after
{Heap after GC invocations=43 (full 0):
 garbage-first heap   total 273408K, used 154198K [0x0000000080000000, 0x0000000100000000)
  region size 1024K, 10 young (10240K), 10 survivors (10240K)
 Metaspace       used 96959K, committed 97856K, reserved 557056K
  class space    used 13590K, committed 14016K, reserved 425984K
}
Event: 37.992 GC heap before
{Heap before GC invocations=43 (full 0):
 garbage-first heap   total 273408K, used 157270K [0x0000000080000000, 0x0000000100000000)
  region size 1024K, 13 young (13312K), 10 survivors (10240K)
 Metaspace       used 96974K, committed 97920K, reserved 557056K
  class space    used 13590K, committed 14016K, reserved 425984K
}
Event: 38.007 GC heap after
{Heap after GC invocations=44 (full 0):
 garbage-first heap   total 273408K, used 155302K [0x0000000080000000, 0x0000000100000000)
  region size 1024K, 2 young (2048K), 2 survivors (2048K)
 Metaspace       used 96974K, committed 97920K, reserved 557056K
  class space    used 13590K, committed 14016K, reserved 425984K
}
Event: 39.223 GC heap before
{Heap before GC invocations=44 (full 0):
 garbage-first heap   total 273408K, used 218790K [0x0000000080000000, 0x0000000100000000)
  region size 1024K, 64 young (65536K), 2 survivors (2048K)
 Metaspace       used 99161K, committed 100224K, reserved 557056K
  class space    used 13925K, committed 14464K, reserved 425984K
}
Event: 39.239 GC heap after
{Heap after GC invocations=45 (full 0):
 garbage-first heap   total 273408K, used 167118K [0x0000000080000000, 0x0000000100000000)
  region size 1024K, 8 young (8192K), 8 survivors (8192K)
 Metaspace       used 99161K, committed 100224K, reserved 557056K
  class space    used 13925K, committed 14464K, reserved 425984K
}
Event: 40.723 GC heap before
{Heap before GC invocations=46 (full 0):
 garbage-first heap   total 296960K, used 218318K [0x0000000080000000, 0x0000000100000000)
  region size 1024K, 58 young (59392K), 8 survivors (8192K)
 Metaspace       used 102655K, committed 103744K, reserved 557056K
  class space    used 14364K, committed 14912K, reserved 425984K
}
Event: 40.743 GC heap after
{Heap after GC invocations=47 (full 0):
 garbage-first heap   total 296960K, used 173230K [0x0000000080000000, 0x0000000100000000)
  region size 1024K, 6 young (6144K), 6 survivors (6144K)
 Metaspace       used 102655K, committed 103744K, reserved 557056K
  class space    used 14364K, committed 14912K, reserved 425984K
}
Event: 40.867 GC heap before
{Heap before GC invocations=47 (full 0):
 garbage-first heap   total 296960K, used 181422K [0x0000000080000000, 0x0000000100000000)
  region size 1024K, 14 young (14336K), 6 survivors (6144K)
 Metaspace       used 102815K, committed 103872K, reserved 557056K
  class space    used 14380K, committed 14912K, reserved 425984K
}
Event: 40.887 GC heap after
{Heap after GC invocations=48 (full 0):
 garbage-first heap   total 356352K, used 173313K [0x0000000080000000, 0x0000000100000000)
  region size 1024K, 2 young (2048K), 2 survivors (2048K)
 Metaspace       used 102815K, committed 103872K, reserved 557056K
  class space    used 14380K, committed 14912K, reserved 425984K
}
Event: 42.761 GC heap before
{Heap before GC invocations=48 (full 0):
 garbage-first heap   total 356352K, used 281857K [0x0000000080000000, 0x0000000100000000)
  region size 1024K, 104 young (106496K), 2 survivors (2048K)
 Metaspace       used 105638K, committed 106752K, reserved 557056K
  class space    used 14646K, committed 15168K, reserved 425984K
}
Event: 42.783 GC heap after
{Heap after GC invocations=49 (full 0):
 garbage-first heap   total 356352K, used 183210K [0x0000000080000000, 0x0000000100000000)
  region size 1024K, 12 young (12288K), 12 survivors (12288K)
 Metaspace       used 105638K, committed 106752K, reserved 557056K
  class space    used 14646K, committed 15168K, reserved 425984K
}

