# JRE version: OpenJDK Runtime Environment Microsoft-8035246 (17.0.8+7) (build 17.0.8+7-LTS)
# Java VM: OpenJDK 64-Bit Server VM Microsoft-8035246 (17.0.8+7-LTS, mixed mode, sharing, tiered, compressed oops, compressed class ptrs, g1 gc, windows-amd64)
GC Precious Log:
 CPUs: 4 total, 4 available
 Memory: 16299M
 Large Page Support: Disabled
 NUMA Support: Disabled
 Compressed Oops: Enabled (32-bit)
 Heap Region Size: 1M
 Heap Min Capacity: 8M
 Heap Initial Capacity: 256M
 Heap Max Capacity: 2G
 Pre-touch: Disabled
 Parallel Workers: 4
 Concurrent Workers: 1
 Concurrent Refinement Workers: 4
 Periodic GC: Disabled
Heap:
 garbage-first heap   total 220160K, used 195869K [0x0000000080000000, 0x0000000100000000)
  region size 1024K, 6 young (6144K), 2 survivors (2048K)
 Metaspace       used 111828K, committed 112896K, reserved 557056K
  class space    used 15372K, committed 15872K, reserved 425984K
GC Heap History (20 events):
Event: 191.923 GC heap before
{Heap before GC invocations=90 (full 0):
 garbage-first heap   total 220160K, used 193576K [0x0000000080000000, 0x0000000100000000)
  region size 1024K, 10 young (10240K), 2 survivors (2048K)
 Metaspace       used 110927K, committed 112064K, reserved 557056K
  class space    used 15270K, committed 15808K, reserved 425984K
}
Event: 191.927 GC heap after
{Heap after GC invocations=91 (full 0):
 garbage-first heap   total 220160K, used 186280K [0x0000000080000000, 0x0000000100000000)
  region size 1024K, 1 young (1024K), 1 survivors (1024K)
 Metaspace       used 110927K, committed 112064K, reserved 557056K
  class space    used 15270K, committed 15808K, reserved 425984K
}
Event: 192.605 GC heap before
{Heap before GC invocations=91 (full 0):
 garbage-first heap   total 220160K, used 194472K [0x0000000080000000, 0x0000000100000000)
  region size 1024K, 10 young (10240K), 1 survivors (1024K)
 Metaspace       used 111018K, committed 112128K, reserved 557056K
  class space    used 15274K, committed 15808K, reserved 425984K
}
Event: 192.609 GC heap after
{Heap after GC invocations=92 (full 0):
 garbage-first heap   total 220160K, used 186847K [0x0000000080000000, 0x0000000100000000)
  region size 1024K, 2 young (2048K), 2 survivors (2048K)
 Metaspace       used 111018K, committed 112128K, reserved 557056K
  class space    used 15274K, committed 15808K, reserved 425984K
}
Event: 192.843 GC heap before
{Heap before GC invocations=92 (full 0):
 garbage-first heap   total 220160K, used 194015K [0x0000000080000000, 0x0000000100000000)
  region size 1024K, 10 young (10240K), 2 survivors (2048K)
 Metaspace       used 111097K, committed 112192K, reserved 557056K
  class space    used 15274K, committed 15808K, reserved 425984K
}
Event: 192.846 GC heap after
{Heap after GC invocations=93 (full 0):
 garbage-first heap   total 220160K, used 187378K [0x0000000080000000, 0x0000000100000000)
  region size 1024K, 2 young (2048K), 2 survivors (2048K)
 Metaspace       used 111097K, committed 112192K, reserved 557056K
  class space    used 15274K, committed 15808K, reserved 425984K
}
Event: 193.039 GC heap before
{Heap before GC invocations=93 (full 0):
 garbage-first heap   total 220160K, used 194546K [0x0000000080000000, 0x0000000100000000)
  region size 1024K, 10 young (10240K), 2 survivors (2048K)
 Metaspace       used 111202K, committed 112256K, reserved 557056K
  class space    used 15280K, committed 15808K, reserved 425984K
}
Event: 193.043 GC heap after
{Heap after GC invocations=94 (full 0):
 garbage-first heap   total 220160K, used 187661K [0x0000000080000000, 0x0000000100000000)
  region size 1024K, 1 young (1024K), 1 survivors (1024K)
 Metaspace       used 111202K, committed 112256K, reserved 557056K
  class space    used 15280K, committed 15808K, reserved 425984K
}
Event: 193.323 GC heap before
{Heap before GC invocations=94 (full 0):
 garbage-first heap   total 220160K, used 195853K [0x0000000080000000, 0x0000000100000000)
  region size 1024K, 10 young (10240K), 1 survivors (1024K)
 Metaspace       used 111259K, committed 112320K, reserved 557056K
  class space    used 15280K, committed 15808K, reserved 425984K
}
Event: 193.326 GC heap after
{Heap after GC invocations=95 (full 0):
 garbage-first heap   total 220160K, used 188003K [0x0000000080000000, 0x0000000100000000)
  region size 1024K, 2 young (2048K), 2 survivors (2048K)
 Metaspace       used 111259K, committed 112320K, reserved 557056K
  class space    used 15280K, committed 15808K, reserved 425984K
}
Event: 193.587 GC heap before
{Heap before GC invocations=95 (full 0):
 garbage-first heap   total 220160K, used 196195K [0x0000000080000000, 0x0000000100000000)
  region size 1024K, 10 young (10240K), 2 survivors (2048K)
 Metaspace       used 111295K, committed 112448K, reserved 557056K
  class space    used 15280K, committed 15808K, reserved 425984K
}
Event: 193.591 GC heap after
{Heap after GC invocations=96 (full 0):
 garbage-first heap   total 220160K, used 188299K [0x0000000080000000, 0x0000000100000000)
  region size 1024K, 2 young (2048K), 2 survivors (2048K)
 Metaspace       used 111295K, committed 112448K, reserved 557056K
  class space    used 15280K, committed 15808K, reserved 425984K
}
Event: 193.920 GC heap before
{Heap before GC invocations=96 (full 0):
 garbage-first heap   total 220160K, used 195467K [0x0000000080000000, 0x0000000100000000)
  region size 1024K, 10 young (10240K), 2 survivors (2048K)
 Metaspace       used 111728K, committed 112832K, reserved 557056K
  class space    used 15367K, committed 15872K, reserved 425984K
}
Event: 193.925 GC heap after
{Heap after GC invocations=97 (full 0):
 garbage-first heap   total 220160K, used 188890K [0x0000000080000000, 0x0000000100000000)
  region size 1024K, 2 young (2048K), 2 survivors (2048K)
 Metaspace       used 111728K, committed 112832K, reserved 557056K
  class space    used 15367K, committed 15872K, reserved 425984K
}
Event: 194.194 GC heap before
{Heap before GC invocations=97 (full 0):
 garbage-first heap   total 220160K, used 197082K [0x0000000080000000, 0x0000000100000000)
  region size 1024K, 10 young (10240K), 2 survivors (2048K)
 Metaspace       used 111797K, committed 112896K, reserved 557056K
  class space    used 15371K, committed 15872K, reserved 425984K
}
Event: 194.207 GC heap after
{Heap after GC invocations=98 (full 0):
 garbage-first heap   total 220160K, used 191267K [0x0000000080000000, 0x0000000100000000)
  region size 1024K, 2 young (2048K), 2 survivors (2048K)
 Metaspace       used 111797K, committed 112896K, reserved 557056K
  class space    used 15371K, committed 15872K, reserved 425984K
}
Event: 194.470 GC heap before
{Heap before GC invocations=98 (full 0):
 garbage-first heap   total 220160K, used 198435K [0x0000000080000000, 0x0000000100000000)
  region size 1024K, 10 young (10240K), 2 survivors (2048K)
 Metaspace       used 111819K, committed 112896K, reserved 557056K
  class space    used 15372K, committed 15872K, reserved 425984K
}
Event: 194.476 GC heap after
{Heap after GC invocations=99 (full 0):
 garbage-first heap   total 220160K, used 192234K [0x0000000080000000, 0x0000000100000000)
  region size 1024K, 2 young (2048K), 2 survivors (2048K)
 Metaspace       used 111819K, committed 112896K, reserved 557056K
  class space    used 15372K, committed 15872K, reserved 425984K
}
Event: 194.829 GC heap before
{Heap before GC invocations=99 (full 0):
 garbage-first heap   total 220160K, used 200426K [0x0000000080000000, 0x0000000100000000)
  region size 1024K, 10 young (10240K), 2 survivors (2048K)
 Metaspace       used 111826K, committed 112896K, reserved 557056K
  class space    used 15372K, committed 15872K, reserved 425984K
}
Event: 194.836 GC heap after
{Heap after GC invocations=100 (full 0):
 garbage-first heap   total 220160K, used 192797K [0x0000000080000000, 0x0000000100000000)
  region size 1024K, 2 young (2048K), 2 survivors (2048K)
 Metaspace       used 111826K, committed 112896K, reserved 557056K
  class space    used 15372K, committed 15872K, reserved 425984K
}

